<?xml version="1.0" encoding="UTF-8"?>
<testng-results ignored="0" total="1" passed="1" failed="0" skipped="0">
  <reporter-output>
  </reporter-output>
  <suite started-at="2022-09-29T09:45:32 IST" name="Default suite" finished-at="2022-09-29T09:46:03 IST" duration-ms="31643">
    <groups>
    </groups>
    <test started-at="2022-09-29T09:45:32 IST" name="Default test" finished-at="2022-09-29T09:46:03 IST" duration-ms="31643">
      <class name="org.crm.vtiger.evs.beta.tsLayer.Flipkart">
        <test-method signature="flipkartScenario()[pri:0, instance:org.crm.vtiger.evs.beta.tsLayer.Flipkart@75329a49]" started-at="2022-09-29T09:45:32 IST" name="flipkartScenario" finished-at="2022-09-29T09:46:03 IST" duration-ms="31576" status="PASS">
          <reporter-output>
          </reporter-output>
        </test-method> <!-- flipkartScenario -->
      </class> <!-- org.crm.vtiger.evs.beta.tsLayer.Flipkart -->
    </test> <!-- Default test -->
  </suite> <!-- Default suite -->
</testng-results>
