<?xml version="1.0" encoding="UTF-8"?>
<!-- Generated by org.testng.reporters.JUnitXMLReporter -->
<testsuite ignored="2" hostname="DESKTOP-M9G8GLA" failures="0" tests="4" name="Testing on Firefox Browser" time="81.692" errors="0" timestamp="2022-08-24T11:13:10 IST">
  <testcase classname="org.crm.vtiger.evs.beta.tsLayer.TestCases" name="tsAccount" time="18.682"/>
  <testcase classname="org.crm.vtiger.evs.beta.tsLayer.TestCases" name="tsHomePageAboutUs" time="4.069"/>
  <testcase classname="org.crm.vtiger.evs.beta.tsLayer.TestCases" name="tsMarketingCampaignCreation" time="8.461"/>
  <testcase classname="org.crm.vtiger.evs.beta.tsLayer.TestCases" name="tsInvoiceCreation" time="19.766"/>
  <testcase classname="org.crm.vtiger.evs.beta.tsLayer.BaseTestCaseLayer" name="@AfterTest report1" time="0.0">
    <ignored/>
  </testcase> <!-- @AfterTest report1 -->
  <testcase classname="org.crm.vtiger.evs.beta.tsLayer.BaseTestCaseLayer" name="@BeforeTest report" time="0.0">
    <ignored/>
  </testcase> <!-- @BeforeTest report -->
</testsuite> <!-- Testing on Firefox Browser -->
