<?xml version="1.0" encoding="UTF-8"?>
<!-- Generated by org.testng.reporters.JUnitXMLReporter -->
<testsuite ignored="1" hostname="DESKTOP-M9G8GLA" failures="0" tests="3" name="Testing On chrome" time="58.55" errors="0" timestamp="2022-08-24T11:11:49 IST">
  <testcase classname="org.crm.vtiger.evs.beta.tsLayer.TestCases" name="tsAccount" time="8.315"/>
  <testcase classname="org.crm.vtiger.evs.beta.tsLayer.TestCases" name="tsHomePageAboutUs" time="5.541"/>
  <testcase classname="org.crm.vtiger.evs.beta.tsLayer.TestCases" name="tsInvoiceCreation" time="18.906"/>
  <testcase classname="org.crm.vtiger.evs.beta.tsLayer.TestCases" name="tsMarketingCampaignCreation" time="0.0">
    <ignored/>
  </testcase> <!-- tsMarketingCampaignCreation -->
</testsuite> <!-- Testing On chrome -->
